<?xml version="1.0" encoding="UTF-8"?>
<!-- Generated by org.testng.reporters.JUnitReportReporter -->
<testsuite hostname="DESKTOP-8Q4C1FH" failures="0" tests="1" name="test.PimTest" time="7.216" errors="0" timestamp="2022-08-29T15:07:21 IST" skipped="0">
  <testcase classname="test.PimTest" name="verifyPimPage" time="7.216"/>
  <system-out/>
</testsuite> <!-- test.PimTest -->
