<?xml version="1.0" encoding="UTF-8"?>
<!-- Generated by org.testng.reporters.JUnitReportReporter -->
<testsuite hostname="DESKTOP-8Q4C1FH" failures="0" tests="2" name="test.LoginTest" time="2.179" errors="0" timestamp="2022-08-29T18:06:12 IST" skipped="0">
  <testcase classname="test.LoginTest" name="loginPage" time="1.589"/>
  <system-out/>
  <testcase classname="test.LoginTest" name="verifyLogin" time="0.590"/>
  <system-out/>
</testsuite> <!-- test.LoginTest -->
