<?xml version="1.0" encoding="UTF-8"?>
<!-- Generated by org.testng.reporters.JUnitReportReporter -->
<testsuite hostname="DESKTOP-8Q4C1FH" failures="0" tests="1" name="test.TimeTest" time="7.937" errors="0" timestamp="2022-08-29T15:07:21 IST" skipped="0">
  <testcase classname="test.TimeTest" name="verifyTimePage" time="7.937"/>
  <system-out/>
</testsuite> <!-- test.TimeTest -->
